<?xml version="1.0" encoding="UTF-8" ?>
<testsuites>
  <testsuite errors="1" failures="0" hostname="Brian-PC" id="0" name="HangmanTest" package="src" skipped="0" tests="1" time="0.0" timestamp="2016-12-07T04:40:59">
      <properties>
[...]
</properties>

      <error message="src.HangmanTest" type="java.lang.ClassNotFoundException">java.lang.ClassNotFoundException: src.HangmanTest
	at java.net.URLClassLoader.findClass(URLClassLoader.java:381)
	at java.lang.ClassLoader.loadClass(ClassLoader.java:424)
	at sun.misc.Launcher$AppClassLoader.loadClass(Launcher.java:331)
	at java.lang.ClassLoader.loadClass(ClassLoader.java:357)
	at java.lang.Class.forName0(Native Method)
	at java.lang.Class.forName(Class.java:264)
</error>

      <system-out><![CDATA[]]></system-out>

      <system-err><![CDATA[]]></system-err>

  </testsuite>
</testsuites>
